\BOOKMARK [0][-]{section*.2}{\376\377\000L\000E\000M\000B\000A\000R\000\040\000P\000E\000N\000G\000E\000S\000A\000H\000A\000N}{}% 1
\BOOKMARK [0][-]{section*.3}{\376\377\000H\000A\000L\000A\000M\000A\000N\000\040\000P\000E\000R\000N\000Y\000A\000T\000A\000A\000N\000\040\000O\000R\000I\000S\000I\000N\000A\000L\000I\000T\000A\000S}{}% 2
\BOOKMARK [0][-]{section*.4}{\376\377\000H\000A\000L\000A\000M\000A\000N\000\040\000P\000E\000R\000S\000E\000T\000U\000J\000U\000A\000N\000\040\000P\000U\000B\000L\000I\000K\000A\000S\000I}{}% 3
\BOOKMARK [0][-]{section*.5}{\376\377\000K\000A\000T\000A\000\040\000P\000E\000N\000G\000A\000N\000T\000A\000R}{}% 4
\BOOKMARK [0][-]{section*.6}{\376\377\000M\000O\000T\000T\000O}{}% 5
\BOOKMARK [0][-]{section*.7}{\376\377\000R\000I\000N\000G\000K\000A\000S\000A\000N}{}% 6
\BOOKMARK [0][-]{section*.8}{\376\377\000A\000B\000S\000T\000R\000A\000K}{}% 7
\BOOKMARK [0][-]{section*.9}{\376\377\000A\000B\000S\000T\000R\000A\000C\000T}{}% 8
\BOOKMARK [0][-]{section*.10}{\376\377\000D\000A\000F\000T\000A\000R\000\040\000I\000S\000I}{}% 9
\BOOKMARK [0][-]{section*.12}{\376\377\000D\000A\000F\000T\000A\000R\000\040\000T\000A\000B\000E\000L}{}% 10
\BOOKMARK [0][-]{section*.14}{\376\377\000D\000A\000F\000T\000A\000R\000\040\000G\000A\000M\000B\000A\000R}{}% 11
\BOOKMARK [0][-]{section*.16}{\376\377\000D\000A\000F\000T\000A\000R\000\040\000R\000U\000M\000U\000S}{}% 12
\BOOKMARK [0][-]{section*.18}{\376\377\000D\000A\000F\000T\000A\000R\000\040\000K\000O\000D\000E}{}% 13
\BOOKMARK [0][-]{chapter.1}{\376\377\000P\000E\000N\000D\000A\000H\000U\000L\000U\000A\000N}{}% 14
\BOOKMARK [1][-]{section.1.1}{\376\377\000L\000a\000t\000a\000r\000\040\000B\000e\000l\000a\000k\000a\000n\000g}{chapter.1}% 15
\BOOKMARK [1][-]{section.1.2}{\376\377\000R\000u\000m\000u\000s\000a\000n\000\040\000M\000a\000s\000a\000l\000a\000h}{chapter.1}% 16
\BOOKMARK [1][-]{section.1.3}{\376\377\000T\000u\000j\000u\000a\000n\000\040\000P\000e\000n\000e\000l\000i\000t\000i\000a\000n}{chapter.1}% 17
\BOOKMARK [1][-]{section.1.4}{\376\377\000B\000a\000t\000a\000s\000a\000n\000\040\000M\000a\000s\000a\000l\000a\000h}{chapter.1}% 18
\BOOKMARK [1][-]{section.1.5}{\376\377\000M\000a\000n\000f\000a\000a\000t\000\040\000P\000e\000n\000e\000l\000i\000t\000i\000a\000n}{chapter.1}% 19
\BOOKMARK [1][-]{section.1.6}{\376\377\000S\000i\000s\000t\000e\000m\000a\000t\000i\000k\000a\000\040\000P\000e\000n\000u\000l\000i\000s\000a\000n}{chapter.1}% 20
\BOOKMARK [2][-]{subsection.1.6.1}{\376\377\000B\000a\000b\000\040\000I\000\040\000P\000e\000n\000d\000a\000h\000u\000l\000u\000a\000n}{section.1.6}% 21
\BOOKMARK [2][-]{subsection.1.6.2}{\376\377\000B\000a\000b\000\040\000I\000I\000\040\000T\000i\000n\000j\000a\000u\000a\000n\000\040\000P\000u\000s\000t\000a\000k\000a}{section.1.6}% 22
\BOOKMARK [2][-]{subsection.1.6.3}{\376\377\000B\000a\000b\000\040\000I\000I\000I\000\040\000M\000e\000t\000o\000d\000o\000l\000o\000g\000i\000\040\000P\000e\000n\000e\000l\000i\000t\000i\000a\000n}{section.1.6}% 23
\BOOKMARK [2][-]{subsection.1.6.4}{\376\377\000B\000a\000b\000\040\000I\000V\000\040\000H\000a\000s\000i\000l\000\040\000d\000a\000n\000\040\000P\000e\000m\000b\000a\000h\000a\000s\000a\000n}{section.1.6}% 24
\BOOKMARK [2][-]{subsection.1.6.5}{\376\377\000B\000a\000b\000\040\000V\000\040\000K\000e\000s\000i\000m\000p\000u\000l\000a\000n\000\040\000d\000a\000n\000\040\000S\000a\000r\000a\000n}{section.1.6}% 25
\BOOKMARK [0][-]{chapter.2}{\376\377\000T\000I\000N\000J\000A\000U\000A\000N\000\040\000P\000U\000S\000T\000A\000K\000A}{}% 26
\BOOKMARK [1][-]{section.2.1}{\376\377\000T\000i\000n\000j\000a\000u\000a\000n\000\040\000P\000u\000s\000t\000a\000k\000a}{chapter.2}% 27
\BOOKMARK [1][-]{section.2.2}{\376\377\000D\000a\000s\000a\000r\000\040\000T\000e\000o\000r\000i}{chapter.2}% 28
\BOOKMARK [2][-]{subsection.2.2.1}{\376\377\000S\000e\000l\000f\000-\000H\000a\000r\000m}{section.2.2}% 29
\BOOKMARK [2][-]{subsection.2.2.2}{\376\377\000M\000e\000m\000e}{section.2.2}% 30
\BOOKMARK [2][-]{subsection.2.2.3}{\376\377\000M\000u\000l\000t\000i\000m\000o\000d\000a\000l\000\040\000D\000e\000e\000p\000\040\000l\000e\000a\000r\000n\000i\000n\000g}{section.2.2}% 31
\BOOKMARK [2][-]{subsection.2.2.4}{\376\377\000K\000l\000a\000s\000i\000f\000i\000k\000a\000s\000i\000\040\000F\000u\000s\000i\000o\000n\000\040\000d\000a\000l\000a\000m\000\040\000M\000u\000l\000t\000i\000m\000o\000d\000a\000l\000\040\000D\000e\000e\000p\000\040\000l\000e\000a\000r\000n\000i\000n\000g}{section.2.2}% 32
\BOOKMARK [3][-]{subsubsection.2.2.4.1}{\376\377\000E\000a\000r\000l\000y\000\040\000F\000u\000s\000i\000o\000n}{subsection.2.2.4}% 33
\BOOKMARK [3][-]{subsubsection.2.2.4.2}{\376\377\000I\000n\000t\000e\000r\000m\000e\000d\000i\000a\000t\000e\000\040\000F\000u\000s\000i\000o\000n}{subsection.2.2.4}% 34
\BOOKMARK [3][-]{subsubsection.2.2.4.3}{\376\377\000L\000a\000t\000e\000\040\000F\000u\000s\000i\000o\000n}{subsection.2.2.4}% 35
\BOOKMARK [3][-]{subsubsection.2.2.4.4}{\376\377\000H\000y\000b\000r\000i\000d\000\040\000F\000u\000s\000i\000o\000n}{subsection.2.2.4}% 36
\BOOKMARK [2][-]{subsection.2.2.5}{\376\377\000M\000e\000t\000o\000d\000e\000\040\000F\000u\000s\000i\000o\000n\000\040\000d\000a\000l\000a\000m\000\040\000M\000u\000l\000t\000i\000m\000o\000d\000a\000l\000\040\000L\000e\000a\000r\000n\000i\000n\000g}{section.2.2}% 37
\BOOKMARK [3][-]{subsubsection.2.2.5.1}{\376\377\000C\000o\000n\000c\000a\000t\000e\000n\000a\000t\000i\000o\000n\000\040\000F\000u\000s\000i\000o\000n}{subsection.2.2.5}% 38
\BOOKMARK [3][-]{subsubsection.2.2.5.2}{\376\377\000A\000d\000d\000i\000t\000i\000o\000n\000\040\000d\000a\000n\000\040\000M\000u\000l\000t\000i\000p\000l\000i\000c\000a\000t\000i\000o\000n\000\040\000F\000u\000s\000i\000o\000n}{subsection.2.2.5}% 39
\BOOKMARK [3][-]{subsubsection.2.2.5.3}{\376\377\000G\000a\000t\000e\000d\000\040\000F\000u\000s\000i\000o\000n}{subsection.2.2.5}% 40
\BOOKMARK [3][-]{subsubsection.2.2.5.4}{\376\377\000B\000i\000l\000i\000n\000e\000a\000r\000\040\000F\000u\000s\000i\000o\000n}{subsection.2.2.5}% 41
\BOOKMARK [2][-]{subsection.2.2.6}{\376\377\000P\000r\000o\000j\000e\000c\000t\000i\000o\000n\000\040\000L\000a\000y\000e\000r\000\040\000p\000a\000d\000a\000\040\000M\000o\000d\000e\000l\000\040\000M\000u\000l\000t\000i\000m\000o\000d\000a\000l}{section.2.2}% 42
\BOOKMARK [2][-]{subsection.2.2.7}{\376\377\000C\000o\000m\000p\000u\000t\000e\000r\000\040\000V\000i\000s\000i\000o\000n}{section.2.2}% 43
\BOOKMARK [2][-]{subsection.2.2.8}{\376\377\000N\000a\000t\000u\000r\000a\000l\000\040\000L\000a\000n\000g\000u\000a\000g\000e\000\040\000P\000r\000o\000c\000e\000s\000s\000i\000n\000g\000\040}{section.2.2}% 44
\BOOKMARK [2][-]{subsection.2.2.9}{\376\377\000D\000e\000e\000p\000\040\000L\000e\000a\000r\000n\000i\000n\000g}{section.2.2}% 45
\BOOKMARK [2][-]{subsection.2.2.10}{\376\377\000T\000r\000a\000n\000s\000f\000o\000r\000m\000e\000r}{section.2.2}% 46
\BOOKMARK [2][-]{subsection.2.2.11}{\376\377\000C\000o\000n\000t\000r\000a\000s\000t\000i\000v\000e\000\040\000L\000a\000n\000g\000u\000a\000g\000e\000-\000I\000m\000a\000g\000e\000\040\000P\000r\000e\000-\000t\000r\000a\000i\000n\000i\000n\000g\000\040}{section.2.2}% 47
\BOOKMARK [2][-]{subsection.2.2.12}{\376\377\000E\000f\000f\000i\000c\000i\000e\000n\000t\000l\000y\000\040\000L\000e\000a\000r\000n\000i\000n\000g\000\040\000a\000n\000\040\000E\000n\000c\000o\000d\000e\000r\000\040\000t\000h\000a\000t\000\040\000C\000l\000a\000s\000s\000i\000f\000i\000e\000s\000\040\000T\000o\000k\000e\000n\000\040\000R\000e\000p\000l\000a\000c\000e\000m\000e\000n\000t\000s\000\040\000A\000c\000c\000u\000r\000a\000t\000e\000l\000y\000\040}{section.2.2}% 48
\BOOKMARK [2][-]{subsection.2.2.13}{\376\377\000P\000r\000e\000-\000p\000r\000o\000c\000e\000s\000s\000i\000n\000g\000\040\000D\000a\000t\000a}{section.2.2}% 49
\BOOKMARK [3][-]{subsubsection.2.2.13.1}{\376\377\000R\000e\000s\000i\000z\000e\000\040\000G\000a\000m\000b\000a\000r}{subsection.2.2.13}% 50
\BOOKMARK [3][-]{subsubsection.2.2.13.2}{\376\377\000A\000u\000g\000m\000e\000n\000t\000a\000s\000i\000\040\000D\000a\000t\000a}{subsection.2.2.13}% 51
\BOOKMARK [4][-]{subsubsubsection.2.2.13.2.1}{\376\377\000F\000l\000i\000p}{subsubsection.2.2.13.2}% 52
\BOOKMARK [4][-]{subsubsubsection.2.2.13.2.2}{\376\377\000R\000o\000t\000a\000t\000i\000o\000n}{subsubsection.2.2.13.2}% 53
\BOOKMARK [4][-]{subsubsubsection.2.2.13.2.3}{\376\377\000C\000o\000l\000o\000r\000\040\000J\000i\000t\000t\000e\000r}{subsubsection.2.2.13.2}% 54
\BOOKMARK [2][-]{subsection.2.2.14}{\376\377\000E\000v\000a\000l\000u\000a\000s\000i}{section.2.2}% 55
\BOOKMARK [0][-]{chapter.3}{\376\377\000M\000E\000T\000O\000D\000E\000\040\000P\000E\000N\000E\000L\000I\000T\000I\000A\000N}{}% 56
\BOOKMARK [1][-]{section.3.1}{\376\377\000A\000l\000u\000r\000\040\000P\000e\000n\000e\000l\000i\000t\000i\000a\000n}{chapter.3}% 57
\BOOKMARK [1][-]{section.3.2}{\376\377\000P\000e\000n\000j\000a\000b\000a\000r\000a\000n\000\040\000L\000a\000n\000g\000k\000a\000h\000\040\000P\000e\000n\000e\000l\000i\000t\000i\000a\000n}{chapter.3}% 58
\BOOKMARK [2][-]{subsection.3.2.1}{\376\377\000I\000d\000e\000n\000t\000i\000f\000i\000k\000a\000s\000i\000\040\000M\000a\000s\000a\000l\000a\000h}{section.3.2}% 59
\BOOKMARK [2][-]{subsection.3.2.2}{\376\377\000S\000t\000u\000d\000i\000\040\000L\000i\000t\000e\000r\000a\000t\000u\000r}{section.3.2}% 60
\BOOKMARK [2][-]{subsection.3.2.3}{\376\377\000P\000e\000n\000g\000u\000m\000p\000u\000l\000a\000n\000\040\000D\000a\000t\000a}{section.3.2}% 61
\BOOKMARK [3][-]{subsubsection.3.2.3.1}{\376\377\000P\000e\000n\000g\000u\000m\000p\000u\000l\000a\000n\000\040\000D\000a\000t\000a\000\040\000P\000r\000i\000m\000e\000r}{subsection.3.2.3}% 62
\BOOKMARK [3][-]{subsubsection.3.2.3.2}{\376\377\000R\000e\000k\000a\000y\000a\000s\000a\000\040\000D\000a\000t\000a\000s\000e\000t\000\040\000M\000e\000m\000e\000\040\000S\000e\000l\000f\000-\000H\000a\000r\000m}{subsection.3.2.3}% 63
\BOOKMARK [3][-]{subsubsection.3.2.3.3}{\376\377\000D\000a\000t\000a\000s\000e\000t\000\040\000M\000e\000m\000e\000\040\000U\000m\000u\000m\000\040\000s\000e\000b\000a\000g\000a\000i\000\040\000K\000a\000n\000d\000i\000d\000a\000t\000\040\000N\000o\000n\000-\000S\000e\000l\000f\000-\000H\000a\000r\000m}{subsection.3.2.3}% 64
\BOOKMARK [2][-]{subsection.3.2.4}{\376\377\000P\000r\000e\000-\000p\000r\000o\000c\000e\000s\000s\000i\000n\000g\000\040\000A\000w\000a\000l}{section.3.2}% 65
\BOOKMARK [2][-]{subsection.3.2.5}{\376\377\000A\000n\000o\000t\000a\000s\000i\000\040\000D\000a\000t\000a}{section.3.2}% 66
\BOOKMARK [3][-]{subsubsection.3.2.5.1}{\376\377\000F\000r\000a\000m\000e\000w\000o\000r\000k\000\040\000P\000r\000o\000m\000p\000t\000i\000n\000g\000\040\000\050\000R\000a\000p\000G\000u\000a\000r\000d\000\051}{subsection.3.2.5}% 67
\BOOKMARK [3][-]{subsubsection.3.2.5.2}{\376\377\000A\000n\000n\000o\000t\000a\000t\000i\000o\000n\000\040\000G\000u\000i\000d\000e\000l\000i\000n\000e\000\040\000B\000e\000r\000b\000a\000s\000i\000s\000\040\000L\000i\000t\000e\000r\000a\000t\000u\000r}{subsection.3.2.5}% 68
\BOOKMARK [3][-]{subsubsection.3.2.5.3}{\376\377\000E\000n\000s\000e\000m\000b\000l\000e\000\040\000P\000s\000e\000u\000d\000o\000-\000L\000a\000b\000e\000l\000i\000n\000g}{subsection.3.2.5}% 69
\BOOKMARK [3][-]{subsubsection.3.2.5.4}{\376\377\000P\000e\000n\000e\000n\000t\000u\000a\000n\000\040\000L\000a\000b\000e\000l}{subsection.3.2.5}% 70
\BOOKMARK [3][-]{subsubsection.3.2.5.5}{\376\377\000K\000a\000r\000a\000k\000t\000e\000r\000i\000s\000t\000i\000k\000\040\000A\000n\000n\000o\000t\000a\000t\000o\000r}{subsection.3.2.5}% 71
\BOOKMARK [2][-]{subsection.3.2.6}{\376\377\000A\000u\000g\000m\000e\000n\000t\000a\000s\000i\000\040\000G\000a\000m\000b\000a\000r}{section.3.2}% 72
\BOOKMARK [3][-]{subsubsection.3.2.6.1}{\376\377\000F\000l\000i\000p}{subsection.3.2.6}% 73
\BOOKMARK [3][-]{subsubsection.3.2.6.2}{\376\377\000R\000o\000t\000a\000t\000i\000o\000n}{subsection.3.2.6}% 74
\BOOKMARK [3][-]{subsubsection.3.2.6.3}{\376\377\000C\000o\000l\000o\000r\000\040\000J\000i\000t\000t\000e\000r}{subsection.3.2.6}% 75
\BOOKMARK [2][-]{subsection.3.2.7}{\376\377\000P\000r\000e\000-\000p\000r\000o\000c\000e\000s\000s\000i\000n\000g\000\040\000o\000l\000e\000h\000\040\000M\000o\000d\000e\000l}{section.3.2}% 76
\BOOKMARK [2][-]{subsection.3.2.8}{\376\377\000P\000e\000n\000g\000e\000m\000b\000a\000n\000g\000a\000n\000\040\000M\000o\000d\000e\000l\000\040}{section.3.2}% 77
\BOOKMARK [3][-]{subsubsection.3.2.8.1}{\376\377\000P\000e\000m\000b\000a\000g\000i\000a\000n\000\040\000D\000a\000t\000a}{subsection.3.2.8}% 78
\BOOKMARK [3][-]{subsubsection.3.2.8.2}{\376\377\000P\000e\000l\000a\000t\000i\000h\000a\000n\000\040\000m\000o\000d\000e\000l}{subsection.3.2.8}% 79
\BOOKMARK [2][-]{subsection.3.2.9}{\376\377\000M\000o\000d\000e\000l\000\040\000U\000n\000i\000m\000o\000d\000a\000l\000\040\000G\000a\000m\000b\000a\000r}{section.3.2}% 80
\BOOKMARK [2][-]{subsection.3.2.10}{\376\377\000M\000o\000d\000e\000l\000\040\000U\000n\000i\000m\000o\000d\000a\000l\000\040\000T\000e\000k\000s}{section.3.2}% 81
\BOOKMARK [2][-]{subsection.3.2.11}{\376\377\000M\000o\000d\000e\000l\000\040\000M\000u\000l\000t\000i\000m\000o\000d\000a\000l}{section.3.2}% 82
\BOOKMARK [2][-]{subsection.3.2.12}{\376\377\000E\000v\000a\000l\000u\000a\000s\000i\000\040\000M\000o\000d\000e\000l}{section.3.2}% 83
\BOOKMARK [2][-]{subsection.3.2.13}{\376\377\000E\000v\000a\000l\000u\000a\000s\000i\000\040\000o\000l\000e\000h\000\040\000A\000n\000n\000o\000t\000a\000t\000o\000r\000\040\000M\000a\000n\000u\000s\000i\000a}{section.3.2}% 84
\BOOKMARK [2][-]{subsection.3.2.14}{\376\377\000A\000n\000a\000l\000i\000s\000i\000s\000\040\000H\000a\000s\000i\000l\000\040\000d\000a\000n\000\040\000P\000e\000m\000b\000a\000h\000a\000s\000a\000n}{section.3.2}% 85
\BOOKMARK [1][-]{section.3.3}{\376\377\000A\000l\000a\000t\000\040\000d\000a\000n\000\040\000B\000a\000h\000a\000n\000\040\000T\000u\000g\000a\000s\000\040\000A\000k\000h\000i\000r}{chapter.3}% 86
\BOOKMARK [2][-]{subsection.3.3.1}{\376\377\000S\000o\000f\000t\000w\000a\000r\000e\000\040\000d\000a\000n\000\040\000L\000i\000b\000r\000a\000r\000y}{section.3.3}% 87
\BOOKMARK [2][-]{subsection.3.3.2}{\376\377\000D\000a\000t\000a\000s\000e\000t}{section.3.3}% 88
\BOOKMARK [1][-]{section.3.4}{\376\377\000I\000l\000u\000s\000t\000r\000a\000s\000i\000\040\000P\000e\000r\000h\000i\000t\000u\000n\000g\000a\000n\000\040\000M\000e\000t\000o\000d\000e}{chapter.3}% 89
\BOOKMARK [2][-]{subsection.3.4.1}{\376\377\000I\000l\000u\000s\000t\000r\000a\000s\000i\000\040\000P\000e\000r\000h\000i\000t\000u\000n\000g\000a\000n\000\040\000I\000n\000f\000o\000N\000C\000E}{section.3.4}% 90
\BOOKMARK [2][-]{subsection.3.4.2}{\376\377\000I\000l\000u\000s\000t\000r\000a\000s\000i\000\040\000P\000e\000r\000h\000i\000t\000u\000n\000g\000a\000n\000\040\000T\000o\000k\000e\000n\000\040\000D\000e\000t\000e\000c\000t\000i\000o\000n\000\040\000L\000o\000s\000s\000\040\000p\000a\000d\000a\000\040\000E\000L\000E\000C\000T\000R\000A}{section.3.4}% 91
\BOOKMARK [2][-]{subsection.3.4.3}{\376\377\000I\000l\000u\000s\000t\000r\000a\000s\000i\000\040\000P\000e\000r\000h\000i\000t\000u\000n\000g\000a\000n\000\040\000M\000e\000t\000r\000i\000k\000\040\000E\000v\000a\000l\000u\000a\000s\000i}{section.3.4}% 92
\BOOKMARK [0][-]{chapter.4}{\376\377\000H\000A\000S\000I\000L\000\040\000D\000A\000N\000\040\000P\000E\000M\000B\000A\000H\000A\000S\000A\000N}{}% 93
\BOOKMARK [1][-]{section.4.1}{\376\377\000P\000e\000n\000g\000u\000m\000p\000u\000l\000a\000n\000\040\000D\000a\000t\000a}{chapter.4}% 94
\BOOKMARK [1][-]{section.4.2}{\376\377\000H\000a\000s\000i\000l\000\040\000A\000n\000o\000t\000a\000s\000i\000\040\000D\000a\000t\000a}{chapter.4}% 95
\BOOKMARK [2][-]{subsection.4.2.1}{\376\377\000T\000i\000n\000g\000k\000a\000t\000\040\000K\000e\000s\000e\000p\000a\000k\000a\000t\000a\000n\000\040\000A\000n\000t\000a\000r\000\040\000M\000o\000d\000e\000l}{section.4.2}% 96
\BOOKMARK [2][-]{subsection.4.2.2}{\376\377\000D\000i\000s\000t\000r\000i\000b\000u\000s\000i\000\040\000L\000a\000b\000e\000l\000\040\000A\000k\000h\000i\000r}{section.4.2}% 97
\BOOKMARK [1][-]{section.4.3}{\376\377\000H\000a\000s\000i\000l\000\040\000P\000r\000e\000-\000p\000r\000o\000c\000e\000s\000s\000i\000n\000g\000\040\000D\000a\000t\000a}{chapter.4}% 98
\BOOKMARK [2][-]{subsection.4.3.1}{\376\377\000P\000r\000e\000-\000p\000r\000o\000c\000e\000s\000s\000i\000n\000g\000\040\000G\000a\000m\000b\000a\000r}{section.4.3}% 99
\BOOKMARK [2][-]{subsection.4.3.2}{\376\377\000P\000r\000e\000-\000p\000r\000o\000c\000e\000s\000s\000i\000n\000g\000\040\000T\000e\000k\000s}{section.4.3}% 100
\BOOKMARK [2][-]{subsection.4.3.3}{\376\377\000P\000e\000m\000b\000a\000g\000i\000a\000n\000\040\000D\000a\000t\000a\000s\000e\000t}{section.4.3}% 101
\BOOKMARK [1][-]{section.4.4}{\376\377\000H\000a\000s\000i\000l\000\040\000P\000e\000n\000g\000e\000m\000b\000a\000n\000g\000a\000n\000\040\000M\000o\000d\000e\000l\000\040\000M\000u\000l\000t\000i\000m\000o\000d\000a\000l}{chapter.4}% 102
\BOOKMARK [2][-]{subsection.4.4.1}{\376\377\000K\000o\000n\000f\000i\000g\000u\000r\000a\000s\000i\000\040\000M\000o\000d\000e\000l}{section.4.4}% 103
\BOOKMARK [3][-]{subsubsection.4.4.1.1}{\376\377\000M\000o\000d\000e\000l\000\040\000u\000n\000i\000m\000o\000d\000a\000l\000\040\000G\000a\000m\000b\000a\000r}{subsection.4.4.1}% 104
\BOOKMARK [3][-]{subsubsection.4.4.1.2}{\376\377\000M\000o\000d\000e\000l\000\040\000U\000n\000i\000m\000o\000d\000a\000l\000\040\000T\000e\000k\000s}{subsection.4.4.1}% 105
\BOOKMARK [3][-]{subsubsection.4.4.1.3}{\376\377\000M\000o\000d\000e\000l\000\040\000M\000u\000l\000t\000i\000m\000o\000d\000a\000l}{subsection.4.4.1}% 106
\BOOKMARK [2][-]{subsection.4.4.2}{\376\377\000K\000o\000n\000f\000i\000g\000u\000r\000a\000s\000i\000\040\000H\000y\000p\000e\000r\000p\000a\000r\000a\000m\000e\000t\000e\000r}{section.4.4}% 107
\BOOKMARK [1][-]{section.4.5}{\376\377\000H\000a\000s\000i\000l\000\040\000E\000k\000s\000p\000e\000r\000i\000m\000e\000n}{chapter.4}% 108
\BOOKMARK [2][-]{subsection.4.5.1}{\376\377\000H\000a\000s\000i\000l\000\040\000E\000k\000s\000p\000e\000r\000i\000m\000e\000n\000\040\000M\000o\000d\000e\000l\000\040\000U\000n\000i\000m\000o\000d\000a\000l\000\040\000G\000a\000m\000b\000a\000r}{section.4.5}% 109
\BOOKMARK [2][-]{subsection.4.5.2}{\376\377\000H\000a\000s\000i\000l\000\040\000E\000k\000s\000p\000e\000r\000i\000m\000e\000n\000\040\000M\000o\000d\000e\000l\000\040\000U\000n\000i\000m\000o\000d\000a\000l\000\040\000T\000e\000k\000s}{section.4.5}% 110
\BOOKMARK [2][-]{subsection.4.5.3}{\376\377\000H\000a\000s\000i\000l\000\040\000M\000o\000d\000e\000l\000\040\000M\000u\000l\000t\000i\000m\000o\000d\000a\000l}{section.4.5}% 111
\BOOKMARK [3][-]{subsubsection.4.5.3.1}{\376\377\000P\000e\000n\000g\000a\000r\000u\000h\000\040\000D\000i\000m\000e\000n\000s\000i\000\040\000F\000i\000t\000u\000r}{subsection.4.5.3}% 112
\BOOKMARK [3][-]{subsubsection.4.5.3.2}{\376\377\000P\000e\000n\000g\000a\000r\000u\000h\000\040\000S\000t\000r\000a\000t\000e\000g\000i\000\040\000L\000o\000s\000s}{subsection.4.5.3}% 113
\BOOKMARK [3][-]{subsubsection.4.5.3.3}{\376\377\000P\000e\000n\000g\000a\000r\000u\000h\000\040\000M\000e\000t\000o\000d\000e\000\040\000F\000u\000s\000i\000o\000n}{subsection.4.5.3}% 114
\BOOKMARK [3][-]{subsubsection.4.5.3.4}{\376\377\000M\000o\000d\000e\000l\000\040\000M\000u\000l\000t\000i\000m\000o\000d\000a\000l\000\040\000B\000e\000r\000b\000a\000s\000i\000s\000\040\000T\000r\000a\000n\000s\000f\000o\000r\000m\000e\000r}{subsection.4.5.3}% 115
\BOOKMARK [2][-]{subsection.4.5.4}{\376\377\000P\000e\000r\000b\000a\000n\000d\000i\000n\000g\000a\000n\000\040\000d\000a\000n\000\040\000A\000n\000a\000l\000i\000s\000i\000s\000\040\000M\000o\000d\000e\000l}{section.4.5}% 116
\BOOKMARK [2][-]{subsection.4.5.5}{\376\377\000E\000v\000a\000l\000u\000a\000s\000i\000\040\000o\000l\000e\000h\000\040\000A\000n\000n\000o\000t\000a\000t\000o\000r\000\040\000M\000a\000n\000u\000s\000i\000a}{section.4.5}% 117
\BOOKMARK [0][-]{chapter.5}{\376\377\000K\000E\000S\000I\000M\000P\000U\000L\000A\000N\000\040\000D\000A\000N\000\040\000S\000A\000R\000A\000N}{}% 118
\BOOKMARK [1][-]{section.5.1}{\376\377\000K\000e\000s\000i\000m\000p\000u\000l\000a\000n}{chapter.5}% 119
\BOOKMARK [1][-]{section.5.2}{\376\377\000S\000a\000r\000a\000n}{chapter.5}% 120
\BOOKMARK [0][-]{section*.82}{\376\377\000D\000A\000F\000T\000A\000R\000\040\000P\000U\000S\000T\000A\000K\000A}{}% 121
\BOOKMARK [0][-]{chapter*.83}{\376\377\000L\000A\000M\000P\000I\000R\000A\000N}{}% 122
\BOOKMARK [1][-]{section.Alph0.1}{\376\377\000D\000a\000t\000a\000s\000e\000t}{chapter*.83}% 123
\BOOKMARK [2][-]{subsection.Alph0.1.1}{\376\377\000D\000a\000t\000a\000s\000e\000t\000\040\000P\000e\000l\000a\000t\000i\000h\000a\000n\000\040\000M\000o\000d\000e\000l}{section.Alph0.1}% 124
\BOOKMARK [2][-]{subsection.Alph0.1.2}{\376\377\000D\000a\000t\000a\000s\000e\000t\000\040\000P\000e\000n\000g\000u\000j\000i\000a\000n}{section.Alph0.1}% 125
\BOOKMARK [1][-]{section.Alph0.2}{\376\377\000A\000n\000o\000t\000a\000s\000i\000\040\000D\000a\000t\000a}{chapter*.83}% 126
\BOOKMARK [2][-]{subsection.Alph0.2.1}{\376\377\000P\000e\000d\000o\000m\000a\000n\000\040\000A\000n\000o\000t\000a\000s\000i\000\040\000L\000a\000r\000g\000e\000\040\000L\000a\000n\000g\000u\000a\000g\000e\000\040\000M\000o\000d\000e\000l}{section.Alph0.2}% 127
\BOOKMARK [2][-]{subsection.Alph0.2.2}{\376\377\000P\000e\000d\000o\000m\000a\000n\000\040\000A\000n\000o\000t\000a\000s\000i\000\040\000D\000a\000t\000a\000\040\000u\000n\000t\000u\000k\000\040\000A\000n\000n\000o\000t\000a\000t\000o\000r\000\040\000M\000a\000n\000u\000s\000i\000a}{section.Alph0.2}% 128
\BOOKMARK [2][-]{subsection.Alph0.2.3}{\376\377\000L\000a\000m\000p\000i\000r\000a\000n\000\040\000A\000n\000o\000t\000a\000s\000i\000\040\000D\000a\000t\000a\000\040\000L\000L\000M}{section.Alph0.2}% 129
\BOOKMARK [2][-]{subsection.Alph0.2.4}{\376\377\000L\000a\000m\000p\000i\000r\000a\000n\000\040\000A\000n\000o\000t\000a\000s\000i\000\040\000D\000a\000t\000a\000\040\000M\000a\000n\000u\000s\000i\000a}{section.Alph0.2}% 130
\BOOKMARK [1][-]{section.Alph0.3}{\376\377\000K\000o\000d\000e\000\040\000P\000r\000o\000g\000r\000a\000m}{chapter*.83}% 131
\BOOKMARK [2][-]{subsection.Alph0.3.1}{\376\377\000K\000o\000d\000e\000\040\000P\000r\000o\000g\000r\000a\000m\000\040\000P\000e\000l\000a\000b\000e\000l\000a\000n\000\040\000D\000a\000t\000a\000\040\000L\000L\000M}{section.Alph0.3}% 132
\BOOKMARK [2][-]{subsection.Alph0.3.2}{\376\377\000K\000o\000d\000e\000\040\000P\000r\000o\000g\000r\000a\000m\000\040\000P\000e\000n\000g\000e\000m\000b\000a\000n\000g\000a\000n\000\040\000d\000a\000n\000\040\000P\000e\000l\000a\000t\000i\000h\000a\000n\000\040\000M\000o\000d\000e\000l}{section.Alph0.3}% 133
